<?xml version="1.0" encoding="UTF-8"?>
<!-- Generated by org.testng.reporters.JUnitReportReporter -->
<testsuite hostname="LAPTOP-05DD5S8V" failures="0" tests="1" name="com.qa.TestClasses.ContactPageTest" time="0.601" errors="0" timestamp="27 Sep 2021 06:08:35 GMT" skipped="0">
  <testcase classname="com.qa.TestClasses.ContactPageTest" name="ContactpageTest" time="0.601"/>
</testsuite> <!-- com.qa.TestClasses.ContactPageTest -->
