<?xml version="1.0" encoding="UTF-8"?>
<!-- Generated by org.testng.reporters.JUnitReportReporter -->
<testsuite hostname="LAPTOP-05DD5S8V" failures="0" tests="3" name="com.qa.TestClasses.HomepageTest" time="4.577" errors="0" timestamp="27 Sep 2021 06:09:23 GMT" skipped="0">
  <testcase classname="com.qa.TestClasses.HomepageTest" name="verifyRefresh" time="1.492"/>
  <testcase classname="com.qa.TestClasses.HomepageTest" name="verifytitle" time="0.013"/>
  <testcase classname="com.qa.TestClasses.HomepageTest" name="validatelogo" time="3.072"/>
</testsuite> <!-- com.qa.TestClasses.HomepageTest -->
