<?xml version="1.0" encoding="UTF-8"?>
<!-- Generated by org.testng.reporters.JUnitReportReporter -->
<testsuite hostname="LAPTOP-05DD5S8V" failures="0" tests="1" name="com.qa.TestClasses.LoginPageTest" time="0.698" errors="0" timestamp="14 Sep 2021 19:42:44 GMT" skipped="0">
  <testcase classname="com.qa.TestClasses.LoginPageTest" name="loginTest" time="0.698"/>
</testsuite> <!-- com.qa.TestClasses.LoginPageTest -->
