<?xml version="1.0" encoding="UTF-8"?>
<!-- Generated by org.testng.reporters.JUnitReportReporter -->
<testsuite hostname="LAPTOP-05DD5S8V" failures="0" tests="1" name="com.qa.TestClasses.AddToCartTest" time="12.202" errors="0" timestamp="27 Sep 2021 05:56:41 GMT" skipped="0">
  <testcase classname="com.qa.TestClasses.AddToCartTest" name="TestAddToCart" time="12.202"/>
</testsuite> <!-- com.qa.TestClasses.AddToCartTest -->
